<?xml version="1.0" encoding="UTF-8"?>
<!-- Generated by org.testng.reporters.JUnitReportReporter -->
<testsuite hostname="LAPTOP-BHS1TP54" failures="0" tests="10" name="com.runner.TestRunnerTestNG" time="175.055" errors="0" timestamp="2025-09-13T20:24:10 IST" skipped="0">
  <testcase classname="com.runner.TestRunnerTestNG" name="runScenario" time="0.001"/>
  <testcase classname="com.runner.TestRunnerTestNG" name="runScenario" time="7.037"/>
  <testcase classname="com.runner.TestRunnerTestNG" name="runScenario" time="14.378"/>
  <testcase classname="com.runner.TestRunnerTestNG" name="runScenario" time="62.563"/>
  <testcase classname="com.runner.TestRunnerTestNG" name="runScenario" time="41.052"/>
  <testcase classname="com.runner.TestRunnerTestNG" name="runScenario" time="10.161"/>
  <testcase classname="com.runner.TestRunnerTestNG" name="runScenario" time="12.722"/>
  <testcase classname="com.runner.TestRunnerTestNG" name="runScenario" time="9.866"/>
  <testcase classname="com.runner.TestRunnerTestNG" name="runScenario" time="10.983"/>
  <testcase classname="com.runner.TestRunnerTestNG" name="runScenario" time="6.292"/>
</testsuite> <!-- com.runner.TestRunnerTestNG -->
