<?xml version="1.0" encoding="UTF-8"?>
<!-- Generated by org.testng.reporters.JUnitReportReporter -->
<testsuite hostname="LAPTOP-BHS1TP54" failures="0" tests="4" name="com.runner.TestRunnerTestNG" time="112.105" errors="0" timestamp="2025-09-09T19:25:05 IST" skipped="0">
  <testcase classname="com.runner.TestRunnerTestNG" name="runScenario" time="3.220"/>
  <testcase classname="com.runner.TestRunnerTestNG" name="runScenario" time="9.192"/>
  <testcase classname="com.runner.TestRunnerTestNG" name="runScenario" time="26.754"/>
  <testcase classname="com.runner.TestRunnerTestNG" name="runScenario" time="72.939"/>
</testsuite> <!-- com.runner.TestRunnerTestNG -->
