<?xml version="1.0" encoding="UTF-8"?>
<!-- Generated by org.testng.reporters.JUnitReportReporter -->
<testsuite hostname="LAPTOP-BHS1TP54" failures="1" tests="10" name="com.runner.TestRunnerTestNG" time="315.509" errors="0" timestamp="2025-09-13T00:26:12 IST" skipped="0">
  <testcase classname="com.runner.TestRunnerTestNG" name="runScenario" time="12.946"/>
  <testcase classname="com.runner.TestRunnerTestNG" name="runScenario" time="13.762"/>
  <testcase classname="com.runner.TestRunnerTestNG" name="runScenario" time="27.324">
    <failure message="Home Interiors Designers page was not displayed expected [true] but found [false]" type="java.lang.AssertionError">
      <![CDATA[java.lang.AssertionError: Home Interiors Designers page was not displayed expected [true] but found [false]
at org.testng.Assert.fail(Assert.java:111)
at org.testng.Assert.failNotEquals(Assert.java:1590)
at org.testng.Assert.assertTrue(Assert.java:57)
at com.stepDefinition.HomeInteriorsSteps.the_user_should_be_displayed_home_interiors_designers_page(HomeInteriorsSteps.java:42)
at âœ½.the user should be displayed Home Interiors Designers page(file:///C:/Users/MEISHREE%20GOPI/OneDrive/Desktop/CapGeminiTesting/magicbricks_test/src/test/resources/Features/6_HomeInteriors.feature:8)
]]>
    </failure>
  </testcase> <!-- runScenario -->
  <testcase classname="com.runner.TestRunnerTestNG" name="runScenario" time="17.071"/>
  <testcase classname="com.runner.TestRunnerTestNG" name="runScenario" time="26.031"/>
  <testcase classname="com.runner.TestRunnerTestNG" name="runScenario" time="51.557"/>
  <testcase classname="com.runner.TestRunnerTestNG" name="runScenario" time="12.855"/>
  <testcase classname="com.runner.TestRunnerTestNG" name="runScenario" time="0.004"/>
  <testcase classname="com.runner.TestRunnerTestNG" name="runScenario" time="9.964"/>
  <testcase classname="com.runner.TestRunnerTestNG" name="runScenario" time="143.995"/>
</testsuite> <!-- com.runner.TestRunnerTestNG -->
