<?xml version="1.0" encoding="UTF-8"?>
<!-- Generated by org.testng.reporters.JUnitReportReporter -->
<testsuite hostname="LAPTOP-BHS1TP54" failures="0" tests="2" name="com.runner.TestRunnerTestNG" time="24.831" errors="0" timestamp="2025-09-10T14:35:51 IST" skipped="0">
  <testcase classname="com.runner.TestRunnerTestNG" name="runScenario" time="11.586"/>
  <testcase classname="com.runner.TestRunnerTestNG" name="runScenario" time="13.245"/>
</testsuite> <!-- com.runner.TestRunnerTestNG -->
