<?xml version="1.0" encoding="UTF-8"?>
<!-- Generated by org.testng.reporters.JUnitReportReporter -->
<testsuite hostname="LAPTOP-BHS1TP54" failures="0" tests="4" name="com.runner.TestRunnerTestNG" time="98.886" errors="0" timestamp="2025-09-10T11:57:47 IST" skipped="0">
  <testcase classname="com.runner.TestRunnerTestNG" name="runScenario" time="3.210"/>
  <testcase classname="com.runner.TestRunnerTestNG" name="runScenario" time="60.804"/>
  <testcase classname="com.runner.TestRunnerTestNG" name="runScenario" time="9.626"/>
  <testcase classname="com.runner.TestRunnerTestNG" name="runScenario" time="25.246"/>
</testsuite> <!-- com.runner.TestRunnerTestNG -->
