<?xml version="1.0" encoding="UTF-8"?>
<!-- Generated by org.testng.reporters.JUnitReportReporter -->
<testsuite hostname="LAPTOP-BHS1TP54" failures="0" tests="1" name="com.runner.TestRunnerTestNG" time="9.574" errors="0" timestamp="2025-09-06T14:50:53 IST" skipped="0">
  <testcase classname="com.runner.TestRunnerTestNG" name="runScenario" time="9.574"/>
</testsuite> <!-- com.runner.TestRunnerTestNG -->
