<?xml version="1.0" encoding="UTF-8"?>
<!-- Generated by org.testng.reporters.JUnitReportReporter -->
<testsuite hostname="LAPTOP-BHS1TP54" failures="0" tests="2" name="com.runner.TestRunnerTestNG" time="47.437" errors="0" timestamp="2025-09-07T22:19:01 IST" skipped="0">
  <testcase classname="com.runner.TestRunnerTestNG" name="runScenario" time="0.140"/>
  <testcase classname="com.runner.TestRunnerTestNG" name="runScenario" time="47.297"/>
</testsuite> <!-- com.runner.TestRunnerTestNG -->
